<?xml version="1.0" encoding="UTF-8"?>
<!-- Generated by org.testng.reporters.JUnitReportReporter -->
<testsuite skipped="0" hostname="LAPTOP-8LBRLJ88" name="com.nopcommerce.demo.computers.TestSuite" tests="2" failures="0" timestamp="22 Jun 2021 20:57:43 GMT" time="74.005" errors="0">
  <testcase name="verifyProductAddedToShoppingCartSuccessFully" time="37.182" classname="com.nopcommerce.demo.computers.TestSuite"/>
  <testcase name="verifyProductArrangeInAlphabeticalOrder" time="36.823" classname="com.nopcommerce.demo.computers.TestSuite"/>
</testsuite> <!-- com.nopcommerce.demo.computers.TestSuite -->
